D:\FROM/Новый текстовый документ - копия (2).txt
D:\FROM/Новый текстовый документ - копия (3).txt
D:\FROM/Новый текстовый документ - копия (4).txt
D:\FROM/Новый текстовый документ - копия (5).txt
D:\FROM/Новый текстовый документ - копия (6).txt
D:\FROM/Новый текстовый документ - копия (7).txt
D:\FROM/Новый текстовый документ - копия (8).txt
D:\FROM/3/Новый текстовый документ.txt
D:\FROM/Новый текстовый документ - копия.txt
D:\FROM/Новый текстовый документ.txt
D:\FROM\Новый текстовый документ - копия (2).txt
D:\FROM\Новый текстовый документ - копия (3).txt
D:\FROM\Новый текстовый документ - копия (4).txt
D:\FROM\3\Новый текстовый документ.txt
D:\FROM\Новый текстовый документ - копия (5).txt
D:\FROM\Новый текстовый документ - копия (6).txt
D:\FROM\Новый текстовый документ - копия (7).txt
D:\FROM\Новый текстовый документ - копия (8).txt
D:\FROM\Новый текстовый документ - копия.txt
D:\FROM\Новый текстовый документ.txt
